<?xml version="1.0" encoding="UTF-8"?>
<!-- Generated by org.testng.reporters.JUnitReportReporter -->
<testsuite hostname="LAPTOP-EE9KO91C" name="interface_test.interface_test.DrawTest2" tests="1" failures="0" timestamp="11 Jun 2018 03:47:52 GMT" time="25.102" errors="0">
  <testcase name="testLottery" time="25.102" classname="interface_test.interface_test.DrawTest2"/>
</testsuite> <!-- interface_test.interface_test.DrawTest2 -->
