<?xml version="1.0" encoding="UTF-8"?>
<!-- Generated by org.testng.reporters.JUnitReportReporter -->
<testsuite hostname="LAPTOP-EE9KO91C" name="interface_test.interface_test.JDBC_Mylink" tests="1" failures="0" timestamp="2 Mar 2018 10:03:26 GMT" time="0.190" errors="0">
  <testcase name="testResultSet" time="0.190" classname="interface_test.interface_test.JDBC_Mylink"/>
</testsuite> <!-- interface_test.interface_test.JDBC_Mylink -->
