<?xml version="1.0" encoding="UTF-8"?>
<!-- Generated by org.testng.reporters.JUnitReportReporter -->
<testsuite hostname="LAPTOP-EE9KO91C" name="interface_test.interface_test.status_activate" tests="2" failures="0" timestamp="8 Apr 2018 07:15:22 GMT" time="1.263" errors="0">
  <testcase name="testResultSet" time="0.410" classname="interface_test.interface_test.status_activate"/>
  <testcase name="changeStatus" time="0.853" classname="interface_test.interface_test.status_activate"/>
</testsuite> <!-- interface_test.interface_test.status_activate -->
