<?xml version="1.0" encoding="UTF-8"?>
<!-- Generated by org.testng.reporters.JUnitReportReporter -->
<testsuite hostname="LAPTOP-EE9KO91C" name="interface_test.interface_test.creatUser" tests="1" failures="0" timestamp="11 Jan 2018 10:23:45 GMT" time="1.320" errors="0">
  <testcase name="insertData" time="1.320" classname="interface_test.interface_test.creatUser"/>
</testsuite> <!-- interface_test.interface_test.creatUser -->
