<?xml version="1.0" encoding="UTF-8"?>
<!-- Generated by org.testng.reporters.JUnitReportReporter -->
<testsuite hostname="LAPTOP-EE9KO91C" name="interface_test.interface_test.testone" tests="1" failures="0" timestamp="20 Sep 2017 14:11:28 GMT" time="1.090" errors="0">
  <testcase name="baiduTest2" time="1.090" classname="interface_test.interface_test.testone"/>
</testsuite> <!-- interface_test.interface_test.testone -->
