<?xml version="1.0" encoding="UTF-8"?>
<!-- Generated by org.testng.reporters.JUnitReportReporter -->
<testsuite hostname="LAPTOP-EE9KO91C" name="order_automation.util.AbstractDriver" tests="1" failures="0" timestamp="18 Jan 2018 09:13:48 GMT" time="1.747" errors="0">
  <testcase name="test" time="1.747" classname="order_automation.util.AbstractDriver"/>
</testsuite> <!-- order_automation.util.AbstractDriver -->
