<?xml version="1.0" encoding="UTF-8"?>
<!-- Generated by org.testng.reporters.JUnitReportReporter -->
<testsuite hostname="LAPTOP-EE9KO91C" name="web_automation.web_automation.MouseExercise" tests="1" failures="0" timestamp="17 Nov 2017 05:50:32 GMT" time="3.191" errors="0">
  <testcase name="mouse1" time="3.191" classname="web_automation.web_automation.MouseExercise"/>
</testsuite> <!-- web_automation.web_automation.MouseExercise -->
