<?xml version="1.0" encoding="UTF-8"?>
<!-- Generated by org.testng.reporters.JUnitReportReporter -->
<testsuite hostname="LAPTOP-EE9KO91C" name="web_automation.web_automation.baiduSearch" tests="1" failures="0" timestamp="6 Dec 2017 11:00:55 GMT" time="11.156" errors="0">
  <testcase name="run" time="11.156" classname="web_automation.web_automation.baiduSearch"/>
</testsuite> <!-- web_automation.web_automation.baiduSearch -->
