<?xml version="1.0" encoding="UTF-8"?>
<!-- Generated by org.testng.reporters.JUnitReportReporter -->
<testsuite hostname="LAPTOP-EE9KO91C" name="web_automation.web_automation.screenshot" tests="1" failures="0" timestamp="5 Dec 2017 02:21:54 GMT" time="5.473" errors="0">
  <testcase name="name" time="5.473" classname="web_automation.web_automation.screenshot"/>
</testsuite> <!-- web_automation.web_automation.screenshot -->
