<?xml version="1.0" encoding="UTF-8"?>
<!-- Generated by org.testng.reporters.JUnitReportReporter -->
<testsuite hostname="SC-201609281030" name="pers.biao.mingyi_automation.run.TestSuite" tests="1" failures="0" timestamp="13 Jul 2017 07:29:21 GMT" time="88.757" errors="0">
  <testcase name="runTest" time="88.757" classname="pers.biao.mingyi_automation.run.TestSuite"/>
</testsuite> <!-- pers.biao.mingyi_automation.run.TestSuite -->
