<?xml version="1.0" encoding="UTF-8"?>
<!-- Generated by org.testng.reporters.JUnitReportReporter -->
<testsuite hostname="lenovo-PC" name="pers.biao.mingyi_automation.util.AbstractDriver" tests="1" failures="0" timestamp="1 Mar 2017 06:36:40 GMT" time="15.941" errors="0">
  <testcase name="setUpDriver" time="15.941" classname="pers.biao.mingyi_automation.util.AbstractDriver"/>
</testsuite> <!-- pers.biao.mingyi_automation.util.AbstractDriver -->
